# JRE version: Java(TM) SE Runtime Environment (11.0.4+10) (build 11.0.4+10-LTS)
# Java VM: Java HotSpot(TM) 64-Bit Server VM (11.0.4+10-LTS, mixed mode, tiered, compressed oops, g1 gc, windows-amd64)
Heap:
 garbage-first heap   total 262144K, used 174013K [0x0000000701c00000, 0x0000000800000000)
  region size 1024K, 109 young (111616K), 15 survivors (15360K)
 Metaspace       used 19628K, capacity 20473K, committed 20608K, reserved 1067008K
  class space    used 2060K, capacity 2385K, committed 2432K, reserved 1048576K
GC Heap History (10 events):
Event: 25.313 GC heap before
{Heap before GC invocations=3 (full 0):
 garbage-first heap   total 262144K, used 72479K [0x0000000701c00000, 0x0000000800000000)
  region size 1024K, 40 young (40960K), 2 survivors (2048K)
 Metaspace       used 19618K, capacity 20473K, committed 20608K, reserved 1067008K
  class space    used 2060K, capacity 2385K, committed 2432K, reserved 1048576K
}
Event: 25.325 GC heap after
{Heap after GC invocations=4 (full 0):
 garbage-first heap   total 262144K, used 39421K [0x0000000701c00000, 0x0000000800000000)
  region size 1024K, 5 young (5120K), 5 survivors (5120K)
 Metaspace       used 19618K, capacity 20473K, committed 20608K, reserved 1067008K
  class space    used 2060K, capacity 2385K, committed 2432K, reserved 1048576K
}
Event: 38.180 GC heap before
{Heap before GC invocations=4 (full 0):
 garbage-first heap   total 262144K, used 114173K [0x0000000701c00000, 0x0000000800000000)
  region size 1024K, 75 young (76800K), 5 survivors (5120K)
 Metaspace       used 19618K, capacity 20473K, committed 20608K, reserved 1067008K
  class space    used 2060K, capacity 2385K, committed 2432K, reserved 1048576K
}
Event: 38.200 GC heap after
{Heap after GC invocations=5 (full 0):
 garbage-first heap   total 262144K, used 50176K [0x0000000701c00000, 0x0000000800000000)
  region size 1024K, 10 young (10240K), 10 survivors (10240K)
 Metaspace       used 19618K, capacity 20473K, committed 20608K, reserved 1067008K
  class space    used 2060K, capacity 2385K, committed 2432K, reserved 1048576K
}
Event: 61.100 GC heap before
{Heap before GC invocations=5 (full 0):
 garbage-first heap   total 262144K, used 154624K [0x0000000701c00000, 0x0000000800000000)
  region size 1024K, 107 young (109568K), 10 survivors (10240K)
 Metaspace       used 19618K, capacity 20473K, committed 20608K, reserved 1067008K
  class space    used 2060K, capacity 2385K, committed 2432K, reserved 1048576K
}
Event: 61.129 GC heap after
{Heap after GC invocations=6 (full 0):
 garbage-first heap   total 262144K, used 62464K [0x0000000701c00000, 0x0000000800000000)
  region size 1024K, 14 young (14336K), 14 survivors (14336K)
 Metaspace       used 19618K, capacity 20473K, committed 20608K, reserved 1067008K
  class space    used 2060K, capacity 2385K, committed 2432K, reserved 1048576K
}
Event: 85.158 GC heap before
{Heap before GC invocations=6 (full 0):
 garbage-first heap   total 262144K, used 160768K [0x0000000701c00000, 0x0000000800000000)
  region size 1024K, 110 young (112640K), 14 survivors (14336K)
 Metaspace       used 19618K, capacity 20473K, committed 20608K, reserved 1067008K
  class space    used 2060K, capacity 2385K, committed 2432K, reserved 1048576K
}
Event: 85.188 GC heap after
{Heap after GC invocations=7 (full 0):
 garbage-first heap   total 262144K, used 65247K [0x0000000701c00000, 0x0000000800000000)
  region size 1024K, 14 young (14336K), 14 survivors (14336K)
 Metaspace       used 19618K, capacity 20473K, committed 20608K, reserved 1067008K
  class space    used 2060K, capacity 2385K, committed 2432K, reserved 1048576K
}
Event: 113.844 GC heap before
{Heap before GC invocations=7 (full 0):
 garbage-first heap   total 262144K, used 176863K [0x0000000701c00000, 0x0000000800000000)
  region size 1024K, 113 young (115712K), 14 survivors (14336K)
 Metaspace       used 19618K, capacity 20473K, committed 20608K, reserved 1067008K
  class space    used 2060K, capacity 2385K, committed 2432K, reserved 1048576K
}
Event: 113.881 GC heap after
{Heap after GC invocations=8 (full 0):
 garbage-first heap   total 262144K, used 78781K [0x0000000701c00000, 0x0000000800000000)
  region size 1024K, 15 young (15360K), 15 survivors (15360K)
 Metaspace       used 19618K, capacity 20473K, committed 20608K, reserved 1067008K
  class space    used 2060K, capacity 2385K, committed 2432K, reserved 1048576K
}

